This is pdfTeX, Version 3.141592653-2.6-1.40.24 (TeX Live 2022/Arch Linux) (preloaded format=pdflatex 2022.5.15)  7 JUN 2022 14:52
entering extended mode
 restricted \write18 enabled.
 %&-line parsing enabled.
**main.tex
(./main.tex
LaTeX2e <2021-11-15> patch level 1
L3 programming layer <2022-04-10>
(/usr/share/texmf-dist/tex/latex/base/article.cls
Document Class: article 2021/10/04 v1.4n Standard LaTeX document class
(/usr/share/texmf-dist/tex/latex/base/fleqn.clo
File: fleqn.clo 2016/12/29 v1.2b Standard LaTeX option (flush left equations)
\mathindent=\skip47
Applying: [2015/01/01] Make \[ robust on input line 50.
LaTeX Info: Redefining \[ on input line 51.
Already applied: [0000/00/00] Make \[ robust on input line 62.
Applying: [2015/01/01] Make \] robust on input line 74.
LaTeX Info: Redefining \] on input line 75.
Already applied: [0000/00/00] Make \] robust on input line 83.
)
(/usr/share/texmf-dist/tex/latex/base/size11.clo
File: size11.clo 2021/10/04 v1.4n Standard LaTeX file (size option)
)
\c@part=\count185
\c@section=\count186
\c@subsection=\count187
\c@subsubsection=\count188
\c@paragraph=\count189
\c@subparagraph=\count190
\c@figure=\count191
\c@table=\count192
\abovecaptionskip=\skip48
\belowcaptionskip=\skip49
\bibindent=\dimen138
) (./setup.tex
(/usr/share/texmf-dist/tex/generic/babel/babel.sty
Package: babel 2022/02/26 3.73 The Babel package
\babel@savecnt=\count193
\U@D=\dimen139
\l@unhyphenated=\language87

(/usr/share/texmf-dist/tex/generic/babel/txtbabel.def)
\bbl@readstream=\read2
\bbl@dirlevel=\count194

(/usr/share/texmf-dist/tex/generic/babel-english/american.ldf
Language: american 2017/06/06 v3.3r English support from the babel system

(/usr/share/texmf-dist/tex/generic/babel-english/english.ldf
Language: english 2017/06/06 v3.3r English support from the babel system
Package babel Info: Hyphen rules for 'canadian' set to \l@english
(babel)             (\language0). Reported on input line 102.
Package babel Info: Hyphen rules for 'australian' set to \l@ukenglish
(babel)             (\language21). Reported on input line 105.
Package babel Info: Hyphen rules for 'newzealand' set to \l@ukenglish
(babel)             (\language21). Reported on input line 108.
)))
(/usr/share/texmf-dist/tex/latex/xcolor/xcolor.sty
Package: xcolor 2021/10/31 v2.13 LaTeX color extensions (UK)

(/usr/share/texmf-dist/tex/latex/graphics-cfg/color.cfg
File: color.cfg 2016/01/02 v1.6 sample color configuration
)
Package xcolor Info: Package option `usenames' ignored on input line 218.
Package xcolor Info: Driver file: pdftex.def on input line 227.

(/usr/share/texmf-dist/tex/latex/graphics-def/pdftex.def
File: pdftex.def 2020/10/05 v1.2a Graphics/color driver for pdftex
)
Package xcolor Info: Model `cmy' substituted by `cmy0' on input line 1352.
Package xcolor Info: Model `hsb' substituted by `rgb' on input line 1356.
Package xcolor Info: Model `RGB' extended on input line 1368.
Package xcolor Info: Model `HTML' substituted by `rgb' on input line 1370.
Package xcolor Info: Model `Hsb' substituted by `hsb' on input line 1371.
Package xcolor Info: Model `tHsb' substituted by `hsb' on input line 1372.
Package xcolor Info: Model `HSB' substituted by `hsb' on input line 1373.
Package xcolor Info: Model `Gray' substituted by `gray' on input line 1374.
Package xcolor Info: Model `wave' substituted by `hsb' on input line 1375.

(/usr/share/texmf-dist/tex/latex/graphics/dvipsnam.def
File: dvipsnam.def 2016/06/17 v3.0m Driver-dependent file (DPC,SPQR)
))
(/usr/share/texmf-dist/tex/latex/tools/multicol.sty
Package: multicol 2021/10/28 v1.9b multicolumn formatting (FMi)
\c@tracingmulticols=\count195
\mult@box=\box50
\multicol@leftmargin=\dimen140
\c@unbalance=\count196
\c@collectmore=\count197
\doublecol@number=\count198
\multicoltolerance=\count199
\multicolpretolerance=\count266
\full@width=\dimen141
\page@free=\dimen142
\premulticols=\dimen143
\postmulticols=\dimen144
\multicolsep=\skip50
\multicolbaselineskip=\skip51
\partial@page=\box51
\last@line=\box52
\maxbalancingoverflow=\dimen145
\mult@rightbox=\box53
\mult@grightbox=\box54
\mult@firstbox=\box55
\mult@gfirstbox=\box56
\@tempa=\box57
\@tempa=\box58
\@tempa=\box59
\@tempa=\box60
\@tempa=\box61
\@tempa=\box62
\@tempa=\box63
\@tempa=\box64
\@tempa=\box65
\@tempa=\box66
\@tempa=\box67
\@tempa=\box68
\@tempa=\box69
\@tempa=\box70
\@tempa=\box71
\@tempa=\box72
\@tempa=\box73
\@tempa=\box74
\@tempa=\box75
\@tempa=\box76
\@tempa=\box77
\@tempa=\box78
\@tempa=\box79
\@tempa=\box80
\@tempa=\box81
\@tempa=\box82
\@tempa=\box83
\@tempa=\box84
\@tempa=\box85
\@tempa=\box86
\@tempa=\box87
\@tempa=\box88
\@tempa=\box89
\@tempa=\box90
\@tempa=\box91
\@tempa=\box92
\c@minrows=\count267
\c@columnbadness=\count268
\c@finalcolumnbadness=\count269
\last@try=\dimen146
\multicolovershoot=\dimen147
\multicolundershoot=\dimen148
\mult@nat@firstbox=\box93
\colbreak@box=\box94
\mc@col@check@num=\count270
)
(/usr/share/texmf-dist/tex/latex/multirow/multirow.sty
Package: multirow 2021/03/15 v2.8 Span multiple rows of a table
\multirow@colwidth=\skip52
\multirow@cntb=\count271
\multirow@dima=\skip53
\bigstrutjot=\dimen149
)
(/usr/share/texmf-dist/tex/latex/wrapfig/wrapfig.sty
\wrapoverhang=\dimen150
\WF@size=\dimen151
\c@WF@wrappedlines=\count272
\WF@box=\box95
\WF@everypar=\toks16
Package: wrapfig 2003/01/31  v 3.6
)
(/usr/share/texmf-dist/tex/latex/float/float.sty
Package: float 2001/11/08 v1.3d Float enhancements (AL)
\c@float@type=\count273
\float@exts=\toks17
\float@box=\box96
\@float@everytoks=\toks18
\@floatcapt=\box97
)
(/usr/share/texmf-dist/tex/latex/siunitx/siunitx.sty
Package: siunitx 2022-04-04 v3.0.50 A comprehensive (SI) units package
\l__siunitx_angle_tmp_dim=\dimen152
\l__siunitx_angle_marker_box=\box98
\l__siunitx_angle_unit_box=\box99
\l__siunitx_compound_count_int=\count274

(/usr/share/texmf-dist/tex/latex/translations/translations.sty
Package: translations 2022/02/05 v1.12 internationalization of LaTeX2e packages
 (CN)

(/usr/share/texmf-dist/tex/latex/etoolbox/etoolbox.sty
Package: etoolbox 2020/10/05 v2.5k e-TeX tools for LaTeX (JAW)
\etb@tempcnta=\count275
)
(/usr/share/texmf-dist/tex/generic/pdftexcmds/pdftexcmds.sty
Package: pdftexcmds 2020-06-27 v0.33 Utility functions of pdfTeX for LuaTeX (HO
)

(/usr/share/texmf-dist/tex/generic/infwarerr/infwarerr.sty
Package: infwarerr 2019/12/03 v1.5 Providing info/warning/error messages (HO)
)
(/usr/share/texmf-dist/tex/generic/iftex/iftex.sty
Package: iftex 2022/02/03 v1.0f TeX engine tests
)
(/usr/share/texmf-dist/tex/generic/ltxcmds/ltxcmds.sty
Package: ltxcmds 2020-05-10 v1.25 LaTeX kernel commands for general use (HO)
)
Package pdftexcmds Info: \pdf@primitive is available.
Package pdftexcmds Info: \pdf@ifprimitive is available.
Package pdftexcmds Info: \pdfdraftmode found.
))
\l__siunitx_number_exponent_fixed_int=\count276
\l__siunitx_number_min_decimal_int=\count277
\l__siunitx_number_min_integer_int=\count278
\l__siunitx_number_round_precision_int=\count279
\l__siunitx_number_group_minimum_int=\count280

(/usr/share/texmf-dist/tex/latex/amsmath/amstext.sty
Package: amstext 2021/08/26 v2.01 AMS text

(/usr/share/texmf-dist/tex/latex/amsmath/amsgen.sty
File: amsgen.sty 1999/11/30 v2.0 generic functions
\@emptytoks=\toks19
\ex@=\dimen153
))
\l__siunitx_table_tmp_box=\box100
\l__siunitx_table_tmp_dim=\dimen154
\l__siunitx_table_column_width_dim=\dimen155
\l__siunitx_table_integer_box=\box101
\l__siunitx_table_decimal_box=\box102
\l__siunitx_table_before_box=\box103
\l__siunitx_table_after_box=\box104
\l__siunitx_table_before_dim=\dimen156
\l__siunitx_table_carry_dim=\dimen157
\l__siunitx_unit_tmp_int=\count281
\l__siunitx_unit_position_int=\count282
\l__siunitx_unit_total_int=\count283

(/usr/share/texmf-dist/tex/latex/l3packages/l3keys2e/l3keys2e.sty
(/usr/share/texmf-dist/tex/latex/l3kernel/expl3.sty
Package: expl3 2022-04-10 L3 programming layer (loader) 

(/usr/share/texmf-dist/tex/latex/l3backend/l3backend-pdftex.def
File: l3backend-pdftex.def 2022-04-14 L3 backend support: PDF output (pdfTeX)
\l__color_backend_stack_int=\count284
\l__pdf_internal_box=\box105
))
Package: l3keys2e 2022-01-12 LaTeX2e option processing using LaTeX3 keys
)
(/usr/share/texmf-dist/tex/latex/tools/array.sty
Package: array 2021/10/04 v2.5f Tabular extension package (FMi)
\col@sep=\dimen158
\ar@mcellbox=\box106
\extrarowheight=\dimen159
\NC@list=\toks20
\extratabsurround=\skip54
\backup@length=\skip55
\ar@cellbox=\box107
))
(/usr/share/texmf-dist/tex/latex/subfig/subfig.sty
Package: subfig 2005/06/28 ver: 1.3 subfig package

(/usr/share/texmf-dist/tex/latex/graphics/keyval.sty
Package: keyval 2014/10/28 v1.15 key=value parser (DPC)
\KV@toks@=\toks21
)
(/usr/share/texmf-dist/tex/latex/caption/caption.sty
Package: caption 2022/03/01 v3.6b Customizing captions (AR)

(/usr/share/texmf-dist/tex/latex/caption/caption3.sty
Package: caption3 2022/03/17 v2.3b caption3 kernel (AR)
\caption@tempdima=\dimen160
\captionmargin=\dimen161
\caption@leftmargin=\dimen162
\caption@rightmargin=\dimen163
\caption@width=\dimen164
\caption@indent=\dimen165
\caption@parindent=\dimen166
\caption@hangindent=\dimen167
Package caption Info: Standard document class detected.
)
\c@caption@flags=\count285
\c@continuedfloat=\count286
Package caption Info: float package is loaded.
Package caption Info: wrapfig package is loaded.
)
\c@KVtest=\count287
\sf@farskip=\skip56
\sf@captopadj=\dimen168
\sf@capskip=\skip57
\sf@nearskip=\skip58
\c@subfigure=\count288
\c@subfigure@save=\count289
\c@lofdepth=\count290
\c@subtable=\count291
\c@subtable@save=\count292
\c@lotdepth=\count293
\sf@top=\skip59
\sf@bottom=\skip60
)
(/usr/share/texmf-dist/tex/latex/graphics/graphicx.sty
Package: graphicx 2021/09/16 v1.2d Enhanced LaTeX Graphics (DPC,SPQR)

(/usr/share/texmf-dist/tex/latex/graphics/graphics.sty
Package: graphics 2021/03/04 v1.4d Standard LaTeX Graphics (DPC,SPQR)

(/usr/share/texmf-dist/tex/latex/graphics/trig.sty
Package: trig 2021/08/11 v1.11 sin cos tan (DPC)
)
(/usr/share/texmf-dist/tex/latex/graphics-cfg/graphics.cfg
File: graphics.cfg 2016/06/04 v1.11 sample graphics configuration
)
Package graphics Info: Driver file: pdftex.def on input line 107.
)
\Gin@req@height=\dimen169
\Gin@req@width=\dimen170
)
(/usr/share/texmf-dist/tex/latex/adjustbox/adjustbox.sty
Package: adjustbox 2020/08/19 v1.3 Adjusting TeX boxes (trim, clip, ...)

(/usr/share/texmf-dist/tex/latex/xkeyval/xkeyval.sty
Package: xkeyval 2020/11/20 v2.8 package option processing (HA)

(/usr/share/texmf-dist/tex/generic/xkeyval/xkeyval.tex
(/usr/share/texmf-dist/tex/generic/xkeyval/xkvutils.tex
\XKV@toks=\toks22
\XKV@tempa@toks=\toks23
)
\XKV@depth=\count294
File: xkeyval.tex 2014/12/03 v2.7a key=value parser (HA)
))
(/usr/share/texmf-dist/tex/latex/adjustbox/adjcalc.sty
Package: adjcalc 2012/05/16 v1.1 Provides advanced setlength with multiple back
-ends (calc, etex, pgfmath)
)
(/usr/share/texmf-dist/tex/latex/adjustbox/trimclip.sty
Package: trimclip 2020/08/19 v1.2 Trim and clip general TeX material

(/usr/share/texmf-dist/tex/latex/collectbox/collectbox.sty
Package: collectbox 2012/05/17 v0.4b Collect macro arguments as boxes
\collectedbox=\box108
)
\tc@llx=\dimen171
\tc@lly=\dimen172
\tc@urx=\dimen173
\tc@ury=\dimen174
Package trimclip Info: Using driver 'tc-pdftex.def'.

(/usr/share/texmf-dist/tex/latex/adjustbox/tc-pdftex.def
File: tc-pdftex.def 2019/01/04 v2.2 Clipping driver for pdftex
))
\adjbox@Width=\dimen175
\adjbox@Height=\dimen176
\adjbox@Depth=\dimen177
\adjbox@Totalheight=\dimen178
\adjbox@pwidth=\dimen179
\adjbox@pheight=\dimen180
\adjbox@pdepth=\dimen181
\adjbox@ptotalheight=\dimen182

(/usr/share/texmf-dist/tex/latex/ifoddpage/ifoddpage.sty
Package: ifoddpage 2016/04/23 v1.1 Conditionals for odd/even page detection
\c@checkoddpage=\count295
)
(/usr/share/texmf-dist/tex/latex/varwidth/varwidth.sty
Package: varwidth 2009/03/30 ver 0.92;  Variable-width minipages
\@vwid@box=\box109
\sift@deathcycles=\count296
\@vwid@loff=\dimen183
\@vwid@roff=\dimen184
))
(/usr/share/texmf-dist/tex/latex/appendix/appendix.sty
Package: appendix 2020/02/08 v1.2c extra appendix facilities
\c@@pps=\count297
\c@@ppsavesec=\count298
\c@@ppsaveapp=\count299
)
(/usr/share/texmf-dist/tex/latex/amsmath/amsmath.sty
Package: amsmath 2021/10/15 v2.17l AMS math features
\@mathmargin=\skip61

For additional information on amsmath, use the `?' option.
(/usr/share/texmf-dist/tex/latex/amsmath/amsbsy.sty
Package: amsbsy 1999/11/29 v1.2d Bold Symbols
\pmbraise@=\dimen185
)
(/usr/share/texmf-dist/tex/latex/amsmath/amsopn.sty
Package: amsopn 2021/08/26 v2.02 operator names
)
\inf@bad=\count300
LaTeX Info: Redefining \frac on input line 234.
\uproot@=\count301
\leftroot@=\count302
LaTeX Info: Redefining \overline on input line 399.
\classnum@=\count303
\DOTSCASE@=\count304
LaTeX Info: Redefining \ldots on input line 496.
LaTeX Info: Redefining \dots on input line 499.
LaTeX Info: Redefining \cdots on input line 620.
\Mathstrutbox@=\box110
\strutbox@=\box111
\big@size=\dimen186
LaTeX Font Info:    Redeclaring font encoding OML on input line 743.
LaTeX Font Info:    Redeclaring font encoding OMS on input line 744.
\macc@depth=\count305
\c@MaxMatrixCols=\count306
\dotsspace@=\muskip16
\c@parentequation=\count307
\dspbrk@lvl=\count308
\tag@help=\toks24
\row@=\count309
\column@=\count310
\maxfields@=\count311
\andhelp@=\toks25
\eqnshift@=\dimen187
\alignsep@=\dimen188
\tagshift@=\dimen189
\tagwidth@=\dimen190
\totwidth@=\dimen191
\lineht@=\dimen192
\@envbody=\toks26
\multlinegap=\skip62
\multlinetaggap=\skip63
\mathdisplay@stack=\toks27
LaTeX Info: Redefining \[ on input line 2938.
LaTeX Info: Redefining \] on input line 2939.
)
(/usr/share/texmf-dist/tex/latex/amsfonts/amsfonts.sty
Package: amsfonts 2013/01/14 v3.01 Basic AMSFonts support
\symAMSa=\mathgroup4
\symAMSb=\mathgroup5
LaTeX Font Info:    Redeclaring math symbol \hbar on input line 98.
LaTeX Font Info:    Overwriting math alphabet `\mathfrak' in version `bold'
(Font)                  U/euf/m/n --> U/euf/b/n on input line 106.
)
(/usr/share/texmf-dist/tex/latex/amscls/amsthm.sty
Package: amsthm 2020/05/29 v2.20.6
\thm@style=\toks28
\thm@bodyfont=\toks29
\thm@headfont=\toks30
\thm@notefont=\toks31
\thm@headpunct=\toks32
\thm@preskip=\skip64
\thm@postskip=\skip65
\thm@headsep=\skip66
\dth@everypar=\toks33
)
(/usr/share/texmf-dist/tex/latex/amsfonts/amssymb.sty
Package: amssymb 2013/01/14 v3.01 AMS font symbols
)
(/usr/share/texmf-dist/tex/latex/base/inputenc.sty
Package: inputenc 2021/02/14 v1.3d Input encoding file
\inpenc@prehook=\toks34
\inpenc@posthook=\toks35
)
(/usr/share/texmf-dist/tex/latex/units/units.sty
Package: units 1998/08/04 v0.9b Typesetting units

(/usr/share/texmf-dist/tex/latex/base/ifthen.sty
Package: ifthen 2020/11/24 v1.1c Standard LaTeX ifthen package (DPC)
)
(/usr/share/texmf-dist/tex/latex/units/nicefrac.sty
Package: nicefrac 1998/08/04 v0.9b Nice fractions
\L@UnitsRaiseDisplaystyle=\skip67
\L@UnitsRaiseTextstyle=\skip68
\L@UnitsRaiseScriptstyle=\skip69
)
LaTeX Info: Redefining \unit on input line 41.
)
(/usr/share/texmf-dist/tex/latex/tools/verbatim.sty
Package: verbatim 2020-07-07 v1.5u LaTeX2e package for verbatim enhancements
\every@verbatim=\toks36
\verbatim@line=\toks37
\verbatim@in@stream=\read3
)
(/usr/share/texmf-dist/tex/latex/verbdef/verbdef.sty
Package: verbdef 2000/10/06 v0.2 define verbatim csnames
)
(/usr/share/texmf-dist/tex/latex/colortbl/colortbl.sty
Package: colortbl 2020/01/04 v1.0e Color table columns (DPC)
\everycr=\toks38
\minrowclearance=\skip70
)
(/usr/share/texmf-dist/tex/latex/physics/physics.sty
Package: physics 

(/usr/share/texmf-dist/tex/latex/l3packages/xparse/xparse.sty
Package: xparse 2022-01-12 L3 Experimental document command parser
))
(/usr/share/texmf-dist/tex/latex/setspace/setspace.sty
Package: setspace 2011/12/19 v6.7a set line spacing
)
(/usr/share/texmf-dist/tex/latex/fancyhdr/fancyhdr.sty
Package: fancyhdr 2021/01/28 v4.0.1 Extensive control of page headers and foote
rs
\f@nch@headwidth=\skip71
\f@nch@O@elh=\skip72
\f@nch@O@erh=\skip73
\f@nch@O@olh=\skip74
\f@nch@O@orh=\skip75
\f@nch@O@elf=\skip76
\f@nch@O@erf=\skip77
\f@nch@O@olf=\skip78
\f@nch@O@orf=\skip79
)
(/usr/share/texmf-dist/tex/latex/lastpage/lastpage.sty
Package: lastpage 2021/09/03 v1.2n Refers to last page's name (HMM; JPG)
)
(/usr/share/texmf-dist/tex/latex/doublestroke/dsfont.sty
Package: dsfont 1995/08/01 v0.1 Double stroke roman fonts
)
(/usr/share/texmf-dist/tex/latex/fancyhdr/extramarks.sty
Package: extramarks 2021/01/28 v4.0.1 Extra marks for LaTeX
\@temptokenb=\toks39
)
(/usr/share/texmf-dist/tex/latex/changepage/chngpage.sty
Package: chngpage 2009/10/20 v1.2b change page layout
\c@cp@cnt=\count312
\c@cp@tempcnt=\count313
LaTeX Info: Redefining \checkoddpage on input line 48.
)
(/usr/share/texmf-dist/tex/latex/titlesec/titlesec.sty
Package: titlesec 2021/07/05 v2.14 Sectioning titles
\ttl@box=\box112
\beforetitleunit=\skip80
\aftertitleunit=\skip81
\ttl@plus=\dimen193
\ttl@minus=\dimen194
\ttl@toksa=\toks40
\titlewidth=\dimen195
\titlewidthlast=\dimen196
\titlewidthfirst=\dimen197
)
(/usr/share/texmf-dist/tex/generic/soul/soul.sty
Package: soul 2003/11/17 v2.4 letterspacing/underlining (mf)
\SOUL@word=\toks41
\SOUL@lasttoken=\toks42
\SOUL@cmds=\toks43
\SOUL@buffer=\toks44
\SOUL@token=\toks45
\SOUL@spaceskip=\skip82
\SOUL@ttwidth=\dimen198
\SOUL@uldp=\dimen199
\SOUL@ulht=\dimen256
)
(/usr/share/texmf-dist/tex/latex/tensor/tensor.sty
Package: tensor 2004/12/20 v2.1 tensor indices package (PGR)
\tnsr@Sps=\toks46
\tnsr@Sbs=\toks47
\tnsr@Spe=\toks48
\tnsr@Sbe=\toks49
\ncld@Mno=\toks50
)
(/usr/share/texmf-dist/tex/latex/listings/listings.sty
\lst@mode=\count314
\lst@gtempboxa=\box113
\lst@token=\toks51
\lst@length=\count315
\lst@currlwidth=\dimen257
\lst@column=\count316
\lst@pos=\count317
\lst@lostspace=\dimen258
\lst@width=\dimen259
\lst@newlines=\count318
\lst@lineno=\count319
\lst@maxwidth=\dimen260

(/usr/share/texmf-dist/tex/latex/listings/lstmisc.sty
File: lstmisc.sty 2020/03/24 1.8d (Carsten Heinz)
\c@lstnumber=\count320
\lst@skipnumbers=\count321
\lst@framebox=\box114
)
(/usr/share/texmf-dist/tex/latex/listings/listings.cfg
File: listings.cfg 2020/03/24 1.8d listings configuration
))
Package: listings 2020/03/24 1.8d (Carsten Heinz)

(/usr/share/texmf-dist/tex/latex/psnfss/courier.sty
Package: courier 2020/03/25 PSNFSS-v9.3 (WaS) 
)
(/usr/share/texmf-dist/tex/latex/carlisle/slashed.sty
Package: slashed 1997/01/16 v0.01 Feynman Slashed Character Notation (DPC)
)
(/usr/share/texmf-dist/tex/latex/cancel/cancel.sty
Package: cancel 2013/04/12 v2.2 Cancel math terms
)
(/usr/share/texmf-dist/tex/latex/bbold/bbold.sty
Package: bbold 1994/04/06 Bbold symbol package
LaTeX Font Info:    Redeclaring math alphabet \mathbb on input line 42.
)
(/usr/share/texmf-dist/tex/latex/geometry/geometry.sty
Package: geometry 2020/01/02 v5.9 Page Geometry

(/usr/share/texmf-dist/tex/generic/iftex/ifvtex.sty
Package: ifvtex 2019/10/25 v1.7 ifvtex legacy package. Use iftex instead.
)
\Gm@cnth=\count322
\Gm@cntv=\count323
\c@Gm@tempcnt=\count324
\Gm@bindingoffset=\dimen261
\Gm@wd@mp=\dimen262
\Gm@odd@mp=\dimen263
\Gm@even@mp=\dimen264
\Gm@layoutwidth=\dimen265
\Gm@layoutheight=\dimen266
\Gm@layouthoffset=\dimen267
\Gm@layoutvoffset=\dimen268
\Gm@dimlist=\toks52
)
(/usr/share/texmf-dist/tex/latex/hyperref/hyperref.sty
Package: hyperref 2022-02-21 v7.00n Hypertext links for LaTeX

(/usr/share/texmf-dist/tex/generic/kvsetkeys/kvsetkeys.sty
Package: kvsetkeys 2019/12/15 v1.18 Key value parser (HO)
)
(/usr/share/texmf-dist/tex/generic/kvdefinekeys/kvdefinekeys.sty
Package: kvdefinekeys 2019-12-19 v1.6 Define keys (HO)
)
(/usr/share/texmf-dist/tex/generic/pdfescape/pdfescape.sty
Package: pdfescape 2019/12/09 v1.15 Implements pdfTeX's escape features (HO)
)
(/usr/share/texmf-dist/tex/latex/hycolor/hycolor.sty
Package: hycolor 2020-01-27 v1.10 Color options for hyperref/bookmark (HO)
)
(/usr/share/texmf-dist/tex/latex/letltxmacro/letltxmacro.sty
Package: letltxmacro 2019/12/03 v1.6 Let assignment for LaTeX macros (HO)
)
(/usr/share/texmf-dist/tex/latex/auxhook/auxhook.sty
Package: auxhook 2019-12-17 v1.6 Hooks for auxiliary files (HO)
)
(/usr/share/texmf-dist/tex/latex/kvoptions/kvoptions.sty
Package: kvoptions 2020-10-07 v3.14 Key value format for package options (HO)
)
\@linkdim=\dimen269
\Hy@linkcounter=\count325
\Hy@pagecounter=\count326

(/usr/share/texmf-dist/tex/latex/hyperref/pd1enc.def
File: pd1enc.def 2022-02-21 v7.00n Hyperref: PDFDocEncoding definition (HO)
Now handling font encoding PD1 ...
... no UTF-8 mapping file for font encoding PD1
)
(/usr/share/texmf-dist/tex/generic/intcalc/intcalc.sty
Package: intcalc 2019/12/15 v1.3 Expandable calculations with integers (HO)
)
(/usr/share/texmf-dist/tex/generic/etexcmds/etexcmds.sty
Package: etexcmds 2019/12/15 v1.7 Avoid name clashes with e-TeX commands (HO)
)
\Hy@SavedSpaceFactor=\count327

(/usr/share/texmf-dist/tex/latex/hyperref/puenc.def
File: puenc.def 2022-02-21 v7.00n Hyperref: PDF Unicode definition (HO)
Now handling font encoding PU ...
... no UTF-8 mapping file for font encoding PU
)
Package hyperref Info: Option `colorlinks' set `true' on input line 4018.
Package hyperref Info: Option `bookmarks' set `false' on input line 4018.
Package hyperref Info: Hyper figures OFF on input line 4137.
Package hyperref Info: Link nesting OFF on input line 4142.
Package hyperref Info: Hyper index ON on input line 4145.
Package hyperref Info: Plain pages OFF on input line 4152.
Package hyperref Info: Backreferencing OFF on input line 4157.
Package hyperref Info: Implicit mode ON; LaTeX internals redefined.
Package hyperref Info: Bookmarks OFF on input line 4396.
\c@Hy@tempcnt=\count328

(/usr/share/texmf-dist/tex/latex/url/url.sty
\Urlmuskip=\muskip17
Package: url 2013/09/16  ver 3.4  Verb mode for urls, etc.
)
LaTeX Info: Redefining \url on input line 4749.
\XeTeXLinkMargin=\dimen270

(/usr/share/texmf-dist/tex/generic/bitset/bitset.sty
Package: bitset 2019/12/09 v1.3 Handle bit-vector datatype (HO)

(/usr/share/texmf-dist/tex/generic/bigintcalc/bigintcalc.sty
Package: bigintcalc 2019/12/15 v1.5 Expandable calculations on big integers (HO
)
))
\Fld@menulength=\count329
\Field@Width=\dimen271
\Fld@charsize=\dimen272
Package hyperref Info: Hyper figures OFF on input line 6027.
Package hyperref Info: Link nesting OFF on input line 6032.
Package hyperref Info: Hyper index ON on input line 6035.
Package hyperref Info: backreferencing OFF on input line 6042.
Package hyperref Info: Link coloring ON on input line 6045.
Package hyperref Info: Link coloring with OCG OFF on input line 6052.
Package hyperref Info: PDF/A mode OFF on input line 6057.
LaTeX Info: Redefining \ref on input line 6097.
LaTeX Info: Redefining \pageref on input line 6101.

(/usr/share/texmf-dist/tex/latex/base/atbegshi-ltx.sty
Package: atbegshi-ltx 2021/01/10 v1.0c Emulation of the original atbegshi
package with kernel methods
)
\Hy@abspage=\count330
\c@Item=\count331
\c@Hfootnote=\count332
)
Package hyperref Info: Driver (autodetected): hpdftex.

(/usr/share/texmf-dist/tex/latex/hyperref/hpdftex.def
File: hpdftex.def 2022-02-21 v7.00n Hyperref driver for pdfTeX

(/usr/share/texmf-dist/tex/latex/base/atveryend-ltx.sty
Package: atveryend-ltx 2020/08/19 v1.0a Emulation of the original atveryend pac
kage
with kernel methods
)
\Fld@listcount=\count333
\c@bookmark@seq@number=\count334

(/usr/share/texmf-dist/tex/latex/rerunfilecheck/rerunfilecheck.sty
Package: rerunfilecheck 2019/12/05 v1.9 Rerun checks for auxiliary files (HO)

(/usr/share/texmf-dist/tex/generic/uniquecounter/uniquecounter.sty
Package: uniquecounter 2019/12/15 v1.4 Provide unlimited unique counter (HO)
)
Package uniquecounter Info: New unique counter `rerunfilecheck' on input line 2
86.
)
\Hy@SectionHShift=\skip83
)
(/usr/share/texmf-dist/tex/latex/biblatex/biblatex.sty
Package: biblatex 2022/02/02 v3.17 programmable bibliographies (PK/MW)

(/usr/share/texmf-dist/tex/latex/logreq/logreq.sty
Package: logreq 2010/08/04 v1.0 xml request logger
\lrq@indent=\count335

(/usr/share/texmf-dist/tex/latex/logreq/logreq.def
File: logreq.def 2010/08/04 v1.0 logreq spec v1.0
))
\c@tabx@nest=\count336
\c@listtotal=\count337
\c@listcount=\count338
\c@liststart=\count339
\c@liststop=\count340
\c@citecount=\count341
\c@citetotal=\count342
\c@multicitecount=\count343
\c@multicitetotal=\count344
\c@instcount=\count345
\c@maxnames=\count346
\c@minnames=\count347
\c@maxitems=\count348
\c@minitems=\count349
\c@citecounter=\count350
\c@maxcitecounter=\count351
\c@savedcitecounter=\count352
\c@uniquelist=\count353
\c@uniquename=\count354
\c@refsection=\count355
\c@refsegment=\count356
\c@maxextratitle=\count357
\c@maxextratitleyear=\count358
\c@maxextraname=\count359
\c@maxextradate=\count360
\c@maxextraalpha=\count361
\c@abbrvpenalty=\count362
\c@highnamepenalty=\count363
\c@lownamepenalty=\count364
\c@maxparens=\count365
\c@parenlevel=\count366
\blx@tempcnta=\count367
\blx@tempcntb=\count368
\blx@tempcntc=\count369
\c@blx@maxsection=\count370
\c@blx@maxsegment@0=\count371
\blx@notetype=\count372
\blx@parenlevel@text=\count373
\blx@parenlevel@foot=\count374
\c@blx@sectionciteorder@0=\count375
\blx@entrysetcounter=\count376
\blx@biblioinstance=\count377
\labelnumberwidth=\skip84
\labelalphawidth=\skip85
\biblabelsep=\skip86
\bibitemsep=\skip87
\bibnamesep=\skip88
\bibinitsep=\skip89
\bibparsep=\skip90
\bibhang=\skip91
\blx@bcfin=\read4
\blx@bcfout=\write3
\blx@langwohyphens=\language88
\c@mincomprange=\count378
\c@maxcomprange=\count379
\c@mincompwidth=\count380
Package biblatex Info: Trying to load biblatex default data model...
Package biblatex Info: ... file 'blx-dm.def' found.

(/usr/share/texmf-dist/tex/latex/biblatex/blx-dm.def
File: blx-dm.def 2022/02/02 v3.17 biblatex localization (PK/MW)
)
Package biblatex Info: Trying to load biblatex style data model...
Package biblatex Info: ... file 'numeric-comp.dbx' not found.
Package biblatex Info: Trying to load biblatex custom data model...
Package biblatex Info: ... file 'biblatex-dm.cfg' not found.
\c@afterword=\count381
\c@savedafterword=\count382
\c@annotator=\count383
\c@savedannotator=\count384
\c@author=\count385
\c@savedauthor=\count386
\c@bookauthor=\count387
\c@savedbookauthor=\count388
\c@commentator=\count389
\c@savedcommentator=\count390
\c@editor=\count391
\c@savededitor=\count392
\c@editora=\count393
\c@savededitora=\count394
\c@editorb=\count395
\c@savededitorb=\count396
\c@editorc=\count397
\c@savededitorc=\count398
\c@foreword=\count399
\c@savedforeword=\count400
\c@holder=\count401
\c@savedholder=\count402
\c@introduction=\count403
\c@savedintroduction=\count404
\c@namea=\count405
\c@savednamea=\count406
\c@nameb=\count407
\c@savednameb=\count408
\c@namec=\count409
\c@savednamec=\count410
\c@translator=\count411
\c@savedtranslator=\count412
\c@shortauthor=\count413
\c@savedshortauthor=\count414
\c@shorteditor=\count415
\c@savedshorteditor=\count416
\c@labelname=\count417
\c@savedlabelname=\count418
\c@institution=\count419
\c@savedinstitution=\count420
\c@lista=\count421
\c@savedlista=\count422
\c@listb=\count423
\c@savedlistb=\count424
\c@listc=\count425
\c@savedlistc=\count426
\c@listd=\count427
\c@savedlistd=\count428
\c@liste=\count429
\c@savedliste=\count430
\c@listf=\count431
\c@savedlistf=\count432
\c@location=\count433
\c@savedlocation=\count434
\c@organization=\count435
\c@savedorganization=\count436
\c@origlocation=\count437
\c@savedoriglocation=\count438
\c@origpublisher=\count439
\c@savedorigpublisher=\count440
\c@publisher=\count441
\c@savedpublisher=\count442
\c@language=\count443
\c@savedlanguage=\count444
\c@origlanguage=\count445
\c@savedoriglanguage=\count446
\c@pageref=\count447
\c@savedpageref=\count448
\shorthandwidth=\skip92
\shortjournalwidth=\skip93
\shortserieswidth=\skip94
\shorttitlewidth=\skip95
\shortauthorwidth=\skip96
\shorteditorwidth=\skip97
\locallabelnumberwidth=\skip98
\locallabelalphawidth=\skip99
\localshorthandwidth=\skip100
\localshortjournalwidth=\skip101
\localshortserieswidth=\skip102
\localshorttitlewidth=\skip103
\localshortauthorwidth=\skip104
\localshorteditorwidth=\skip105
Package biblatex Info: Trying to load compatibility code...
Package biblatex Info: ... file 'blx-compat.def' found.

(/usr/share/texmf-dist/tex/latex/biblatex/blx-compat.def
File: blx-compat.def 2022/02/02 v3.17 biblatex compatibility (PK/MW)
)
Package biblatex Info: Trying to load generic definitions...
Package biblatex Info: ... file 'biblatex.def' found.

(/usr/share/texmf-dist/tex/latex/biblatex/biblatex.def
File: biblatex.def 2022/02/02 v3.17 biblatex compatibility (PK/MW)
\c@textcitecount=\count449
\c@textcitetotal=\count450
\c@textcitemaxnames=\count451
\c@biburlbigbreakpenalty=\count452
\c@biburlbreakpenalty=\count453
\c@biburlnumpenalty=\count454
\c@biburlucpenalty=\count455
\c@biburllcpenalty=\count456
\biburlbigskip=\muskip18
\biburlnumskip=\muskip19
\biburlucskip=\muskip20
\biburllcskip=\muskip21
\c@smartand=\count457
)
Package biblatex Info: Trying to load bibliography style 'numeric-comp'...
Package biblatex Info: ... file 'numeric-comp.bbx' found.

(/usr/share/texmf-dist/tex/latex/biblatex/bbx/numeric-comp.bbx
File: numeric-comp.bbx 2022/02/02 v3.17 biblatex bibliography style (PK/MW)
Package biblatex Info: Trying to load bibliography style 'numeric'...
Package biblatex Info: ... file 'numeric.bbx' found.

(/usr/share/texmf-dist/tex/latex/biblatex/bbx/numeric.bbx
File: numeric.bbx 2022/02/02 v3.17 biblatex bibliography style (PK/MW)
Package biblatex Info: Trying to load bibliography style 'standard'...
Package biblatex Info: ... file 'standard.bbx' found.

(/usr/share/texmf-dist/tex/latex/biblatex/bbx/standard.bbx
File: standard.bbx 2022/02/02 v3.17 biblatex bibliography style (PK/MW)
\c@bbx:relatedcount=\count458
\c@bbx:relatedtotal=\count459
)))
Package biblatex Info: Trying to load citation style 'numeric-comp'...
Package biblatex Info: ... file 'numeric-comp.cbx' found.

(/usr/share/texmf-dist/tex/latex/biblatex/cbx/numeric-comp.cbx
File: numeric-comp.cbx 2022/02/02 v3.17 biblatex citation style (PK/MW)
\c@cbx@tempcnta=\count460
\c@cbx@tempcntb=\count461
\c@cbx@tempcntc=\count462
\c@cbx@tempcntd=\count463
Package biblatex Info: Redefining '\cite'.
Package biblatex Info: Redefining '\parencite'.
Package biblatex Info: Redefining '\footcite'.
Package biblatex Info: Redefining '\footcitetext'.
Package biblatex Info: Redefining '\smartcite'.
Package biblatex Info: Redefining '\supercite'.
Package biblatex Info: Redefining '\textcite'.
Package biblatex Info: Redefining '\textcites'.
Package biblatex Info: Redefining '\cites'.
Package biblatex Info: Redefining '\parencites'.
Package biblatex Info: Redefining '\smartcites'.
)
Package biblatex Info: Trying to load configuration file...
Package biblatex Info: ... file 'biblatex.cfg' found.

(/usr/share/texmf-dist/tex/latex/biblatex/biblatex.cfg
File: biblatex.cfg 
)
Package biblatex Info: Input encoding 'utf8' detected.
Package biblatex Info: Document encoding is UTF8 ....
Package biblatex Info: ... and expl3
(biblatex)             2022-04-10 L3 programming layer (loader) 
(biblatex)             is new enough (at least 2020/04/06),
(biblatex)             setting 'casechanger=expl3'.

(/usr/share/texmf-dist/tex/latex/biblatex/blx-case-expl3.sty
Package: blx-case-expl3 2022/02/02 v3.17 expl3 case changing code for biblatex
))
(/usr/share/texmf-dist/tex/latex/cleveref/cleveref.sty
Package: cleveref 2018/03/27 v0.21.4 Intelligent cross-referencing
Package cleveref Info: `hyperref' support loaded on input line 2370.
LaTeX Info: Redefining \cref on input line 2370.
LaTeX Info: Redefining \Cref on input line 2370.
LaTeX Info: Redefining \crefrange on input line 2370.
LaTeX Info: Redefining \Crefrange on input line 2370.
LaTeX Info: Redefining \cpageref on input line 2370.
LaTeX Info: Redefining \Cpageref on input line 2370.
LaTeX Info: Redefining \cpagerefrange on input line 2370.
LaTeX Info: Redefining \Cpagerefrange on input line 2370.
LaTeX Info: Redefining \labelcref on input line 2370.
LaTeX Info: Redefining \labelcpageref on input line 2370.
Package cleveref Info: `amsthm' support loaded on input line 3026.
Package cleveref Info: `listings' support loaded on input line 3131.
Package cleveref Info: `subfig' support loaded on input line 3164.
Package cleveref Info: no abbreviation of names on input line 7852.
)
(/usr/share/texmf-dist/tex/latex/newpx/newpxtext.sty
Package: newpxtext 2022/01/30 v1.504(Michael Sharpe) latex and unicode latex su
pport for TeXGyrePagellaX

`newpxtext' v1.504, 2022/01/30 Text macros taking advantage of TeXGyre Pagella 
and its extensions (msharpe) (/usr/share/texmf-dist/tex/latex/base/fontenc.sty
Package: fontenc 2021/04/29 v2.0v Standard LaTeX package
) (/usr/share/texmf-dist/tex/generic/iftex/ifxetex.sty
Package: ifxetex 2019/10/25 v0.7 ifxetex legacy package. Use iftex instead.
)
(/usr/share/texmf-dist/tex/generic/iftex/ifluatex.sty
Package: ifluatex 2019/10/25 v1.5 ifluatex legacy package. Use iftex instead.
)
(/usr/share/texmf-dist/tex/latex/base/textcomp.sty
Package: textcomp 2020/02/02 v2.0n Standard LaTeX package
)
(/usr/share/texmf-dist/tex/generic/xstring/xstring.sty
(/usr/share/texmf-dist/tex/generic/xstring/xstring.tex
\integerpart=\count464
\decimalpart=\count465
)
Package: xstring 2021/07/21 v1.84 String manipulations (CT)
)
(/usr/share/texmf-dist/tex/latex/carlisle/scalefnt.sty)
LaTeX Font Info:    Setting zplLF sub-encoding to TS1/0 on input line 24.
LaTeX Font Info:    Setting zplTLF sub-encoding to TS1/0 on input line 24.
LaTeX Font Info:    Setting zplOsF sub-encoding to TS1/0 on input line 24.
LaTeX Font Info:    Setting zplTOsF sub-encoding to TS1/0 on input line 24.
\zpl@cnt=\count466

(/usr/share/texmf-dist/tex/latex/fontaxes/fontaxes.sty
Package: fontaxes 2020/07/21 v1.0e Font selection axes
LaTeX Info: Redefining \upshape on input line 29.
LaTeX Info: Redefining \itshape on input line 31.
LaTeX Info: Redefining \slshape on input line 33.
LaTeX Info: Redefining \swshape on input line 35.
LaTeX Info: Redefining \scshape on input line 37.
LaTeX Info: Redefining \sscshape on input line 39.
LaTeX Info: Redefining \ulcshape on input line 41.
LaTeX Info: Redefining \textsw on input line 47.
LaTeX Info: Redefining \textssc on input line 48.
LaTeX Info: Redefining \textulc on input line 49.
)
LaTeX Info: Redefining \nustyle on input line 254.
LaTeX Info: Redefining \textsu on input line 492.
LaTeX Info: Redefining \oldstylenums on input line 581.
)
(/usr/share/texmf-dist/tex/latex/lato/lato.sty
Package: lato 2019/06/20 Style file for Lato.
))

Package biblatex Warning: 'babel/polyglossia' detected but 'csquotes' missing.
(biblatex)                Loading 'csquotes' recommended.

\@quotelevel=\count467
\@quotereset=\count468
LaTeX Font Info:    Trying to load font information for T1+zplTLF on input line
 10.
(/usr/share/texmf-dist/tex/latex/newpx/t1zpltlf.fd
File: t1zpltlf.fd 2021/05/25 v1.0 font definition file for T1/zpl/TLF
)
LaTeX Font Info:    Font shape `T1/zplTLF/m/n' will be
(Font)              scaled to size 10.95pt on input line 10.
 (./main.aux)
\openout1 = `main.aux'.

LaTeX Font Info:    Checking defaults for OML/cmm/m/it on input line 10.
LaTeX Font Info:    ... okay on input line 10.
LaTeX Font Info:    Checking defaults for OMS/cmsy/m/n on input line 10.
LaTeX Font Info:    ... okay on input line 10.
LaTeX Font Info:    Checking defaults for OT1/cmr/m/n on input line 10.
LaTeX Font Info:    ... okay on input line 10.
LaTeX Font Info:    Checking defaults for T1/cmr/m/n on input line 10.
LaTeX Font Info:    ... okay on input line 10.
LaTeX Font Info:    Checking defaults for TS1/cmr/m/n on input line 10.
LaTeX Font Info:    ... okay on input line 10.
LaTeX Font Info:    Checking defaults for OMX/cmex/m/n on input line 10.
LaTeX Font Info:    ... okay on input line 10.
LaTeX Font Info:    Checking defaults for U/cmr/m/n on input line 10.
LaTeX Font Info:    ... okay on input line 10.
LaTeX Font Info:    Checking defaults for PD1/pdf/m/n on input line 10.
LaTeX Font Info:    ... okay on input line 10.
LaTeX Font Info:    Checking defaults for PU/pdf/m/n on input line 10.
LaTeX Font Info:    ... okay on input line 10.

(/usr/share/texmf-dist/tex/context/base/mkii/supp-pdf.mkii
[Loading MPS to PDF converter (version 2006.09.02).]
\scratchcounter=\count469
\scratchdimen=\dimen273
\scratchbox=\box115
\nofMPsegments=\count470
\nofMParguments=\count471
\everyMPshowfont=\toks53
\MPscratchCnt=\count472
\MPscratchDim=\dimen274
\MPnumerator=\count473
\makeMPintoPDFobject=\count474
\everyMPtoPDFconversion=\toks54
) (/usr/share/texmf-dist/tex/latex/epstopdf-pkg/epstopdf-base.sty
Package: epstopdf-base 2020-01-24 v2.11 Base part for package epstopdf
Package epstopdf-base Info: Redefining graphics rule for `.eps' on input line 4
85.

(/usr/share/texmf-dist/tex/latex/latexconfig/epstopdf-sys.cfg
File: epstopdf-sys.cfg 2010/07/13 v1.3 Configuration of (r)epstopdf for TeX Liv
e
))
(/usr/share/texmf-dist/tex/latex/translations/translations-basic-dictionary-eng
lish.trsl
File: translations-basic-dictionary-english.trsl (english translation file `tra
nslations-basic-dictionary')
)
Package caption Info: Begin \AtBeginDocument code.
Package caption Info: subfig package v1.3 is loaded.
Package caption Info: hyperref package is loaded.
Package caption Info: listings package is loaded.
Package caption Info: End \AtBeginDocument code.
Package lastpage Info: Please have a look at the pageslts package at
(lastpage)             https://www.ctan.org/pkg/pageslts
(lastpage)             ! on input line 10.
\c@lstlisting=\count475

*geometry* driver: auto-detecting
*geometry* detected driver: pdftex
*geometry* verbose mode - [ preamble ] result:
* driver: pdftex
* paper: <default>
* layout: <same size as paper>
* layoutoffset:(h,v)=(0.0pt,0.0pt)
* modes: 
* h-part:(L,W,R)=(42.67912pt, 528.93675pt, 42.67912pt)
* v-part:(T,H,B)=(42.67912pt, 709.61174pt, 42.67912pt)
* \paperwidth=614.295pt
* \paperheight=794.96999pt
* \textwidth=528.93675pt
* \textheight=709.61174pt
* \oddsidemargin=-29.59087pt
* \evensidemargin=-29.59087pt
* \topmargin=-66.59087pt
* \headheight=12.0pt
* \headsep=25.0pt
* \topskip=11.0pt
* \footskip=30.0pt
* \marginparwidth=59.0pt
* \marginparsep=10.0pt
* \columnsep=10.0pt
* \skip\footins=10.0pt plus 4.0pt minus 2.0pt
* \hoffset=0.0pt
* \voffset=0.0pt
* \mag=1000
* \@twocolumnfalse
* \@twosidefalse
* \@mparswitchfalse
* \@reversemarginfalse
* (1in=72.27pt=25.4mm, 1cm=28.453pt)

Package hyperref Info: Link coloring ON on input line 10.
(/usr/share/texmf-dist/tex/latex/hyperref/nameref.sty
Package: nameref 2021-04-02 v2.47 Cross-referencing by name of section

(/usr/share/texmf-dist/tex/latex/refcount/refcount.sty
Package: refcount 2019/12/15 v3.6 Data extraction from label references (HO)
)
(/usr/share/texmf-dist/tex/generic/gettitlestring/gettitlestring.sty
Package: gettitlestring 2019/12/15 v1.6 Cleanup title references (HO)
)
\c@section@level=\count476
)
LaTeX Info: Redefining \ref on input line 10.
LaTeX Info: Redefining \pageref on input line 10.
LaTeX Info: Redefining \nameref on input line 10.
Package biblatex Info: Trying to load language 'american'...
Package biblatex Info: ... file 'american.lbx' found.

(/usr/share/texmf-dist/tex/latex/biblatex/lbx/american.lbx
File: american.lbx 2022/02/02 v3.17 biblatex localization (PK/MW)
Package biblatex Info: Trying to load language 'english'...
Package biblatex Info: ... file 'english.lbx' found.

(/usr/share/texmf-dist/tex/latex/biblatex/lbx/english.lbx
File: english.lbx 2022/02/02 v3.17 biblatex localization (PK/MW)
)
Package biblatex Info: Trying to load language 'english'...
Package biblatex Info: ... file 'english.lbx' found.

(/usr/share/texmf-dist/tex/latex/biblatex/lbx/english.lbx
File: english.lbx 2022/02/02 v3.17 biblatex localization (PK/MW)
))
Package biblatex Info: Input encoding 'utf8' detected.
Package biblatex Info: Automatic encoding selection.
(biblatex)             Assuming data encoding 'utf8'.
\openout3 = `main.bcf'.

Package biblatex Info: Trying to load bibliographic data...
Package biblatex Info: ... file 'main.bbl' found.
 (./main.bbl)
Package biblatex Info: Reference section=0 on input line 10.
Package biblatex Info: Reference segment=0 on input line 10.
\c@mv@tabular=\count477
\c@mv@boldtabular=\count478

(./chapters/introduction.tex
LaTeX Font Info:    Font shape `T1/zplTLF/m/n' will be
(Font)              scaled to size 24.88pt on input line 2.
LaTeX Font Info:    Font shape `T1/zplTLF/b/n' will be
(Font)              scaled to size 24.88pt on input line 2.
LaTeX Font Info:    Trying to load font information for T1+lato-TLF on input li
ne 2.

(/usr/share/texmf-dist/tex/latex/lato/T1lato-TLF.fd
File: T1lato-TLF.fd 2019/06/24 Font definitions for T1/lato-TLF.
)
LaTeX Font Info:    Font shape `T1/lato-TLF/b/n' will be
(Font)              scaled to size 24.88pt on input line 2.
) (./chapters/models.tex
LaTeX Font Info:    Font shape `T1/zplTLF/m/n' will be
(Font)              scaled to size 14.4pt on input line 4.
LaTeX Font Info:    Font shape `T1/zplTLF/b/n' will be
(Font)              scaled to size 14.4pt on input line 4.
LaTeX Font Info:    Font shape `T1/lato-TLF/b/n' will be
(Font)              scaled to size 14.4pt on input line 4.
LaTeX Font Info:    Trying to load font information for U+msa on input line 6.

(/usr/share/texmf-dist/tex/latex/amsfonts/umsa.fd
File: umsa.fd 2013/01/14 v3.01 AMS symbols A
)
LaTeX Font Info:    Trying to load font information for U+msb on input line 6.

(/usr/share/texmf-dist/tex/latex/amsfonts/umsb.fd
File: umsb.fd 2013/01/14 v3.01 AMS symbols B
)
LaTeX Font Info:    Trying to load font information for U+bbold on input line 9
.

(/usr/share/texmf-dist/tex/latex/bbold/Ubbold.fd)
LaTeX Font Info:    Font shape `T1/zplTLF/m/n' will be
(Font)              scaled to size 8.0pt on input line 23.
LaTeX Font Info:    Font shape `T1/zplTLF/m/n' will be
(Font)              scaled to size 6.0pt on input line 23.
 [1

{/var/lib/texmf/fonts/map/pdftex/updmap/pdftex.map}] [2] [3] [4]) (./chapters/m
ethod.tex [5]
LaTeX Font Info:    Trying to load font information for TS1+zplTLF on input lin
e 8.

(/usr/share/texmf-dist/tex/latex/newpx/ts1zpltlf.fd
File: ts1zpltlf.fd 2021/11/24 v1.0 fd file for TS1/zplTLF
)
LaTeX Font Info:    Font shape `TS1/zplTLF/m/n' will be
(Font)              scaled to size 10.95pt on input line 8.
LaTeX Font Info:    Trying to load font information for T1+npxtt on input line 
8.

(/usr/share/texmf-dist/tex/latex/newpx/t1npxtt.fd
File: t1npxtt.fd 2000/12/14 v1.0
)
LaTeX Font Info:    Font shape `T1/npxtt/m/n' will be
(Font)              scaled to size 10.95pt on input line 8.
LaTeX Font Info:    Font shape `T1/zplTLF/m/it' will be
(Font)              scaled to size 10.95pt on input line 15.
 [6]
LaTeX Font Info:    Font shape `T1/zplTLF/b/n' will be
(Font)              scaled to size 10.95pt on input line 65.
LaTeX Font Info:    Font shape `T1/lato-TLF/b/n' will be
(Font)              scaled to size 10.95pt on input line 65.


LaTeX Warning: `!h' float specifier changed to `!ht'.

[7] [8]
<../images/pbcmps.png, id=174, 1255.69125pt x 283.0575pt>
File: ../images/pbcmps.png Graphic file (type png)
<use ../images/pbcmps.png>
Package pdftex.def Info: ../images/pbcmps.png  used on input line 111.
(pdftex.def)             Requested size: 502.26761pt x 113.22098pt.
 [9 <../images/pbcmps.png>] [10] [11])
(./chapters/results_discussion.tex [12]
<../graphs/entropies/ff/alone_L=100.0_chi=100.0_J=1.0_h=1.0_i=1.0_3=0.0_c=0.0.p
ng, id=246, 423.5022pt x 361.63908pt>
File: ../graphs/entropies/ff/alone_L=100.0_chi=100.0_J=1.0_h=1.0_i=1.0_3=0.0_c=
0.0.png Graphic file (type png)
<use ../graphs/entropies/ff/alone_L=100.0_chi=100.0_J=1.0_h=1.0_i=1.0_3=0.0_c=0
.0.png>
Package pdftex.def Info: ../graphs/entropies/ff/alone_L=100.0_chi=100.0_J=1.0_h
=1.0_i=1.0_3=0.0_c=0.0.png  used on input line 16.
(pdftex.def)             Requested size: 279.5123pt x 238.68253pt.
LaTeX Font Info:    Font shape `T1/zplTLF/m/n' will be
(Font)              scaled to size 9.0pt on input line 16.
<../graphs/entropies/ff/calabrese_chi=100.0_J=1.0_h=1.0_i=1.0_3=0.0_c=0.0.png, 
id=247, 405.00108pt x 363.37357pt>
File: ../graphs/entropies/ff/calabrese_chi=100.0_J=1.0_h=1.0_i=1.0_3=0.0_c=0.0.
png Graphic file (type png)
<use ../graphs/entropies/ff/calabrese_chi=100.0_J=1.0_h=1.0_i=1.0_3=0.0_c=0.0.p
ng>
Package pdftex.def Info: ../graphs/entropies/ff/calabrese_chi=100.0_J=1.0_h=1.0
_i=1.0_3=0.0_c=0.0.png  used on input line 17.
(pdftex.def)             Requested size: 267.30153pt x 239.82729pt.

Overfull \hbox (9.781pt too wide) in paragraph at lines 15--18
[]  [][] [][] 
 []

<../graphs/entropies/ff/calabrese_chi=100.0_J=1.0_h=1.0_i=1.0_3=0.856_c=0.0.png
, id=254, 398.35223pt x 363.37357pt>
File: ../graphs/entropies/ff/calabrese_chi=100.0_J=1.0_h=1.0_i=1.0_3=0.856_c=0.
0.png Graphic file (type png)
<use ../graphs/entropies/ff/calabrese_chi=100.0_J=1.0_h=1.0_i=1.0_3=0.856_c=0.0
.png>
Package pdftex.def Info: ../graphs/entropies/ff/calabrese_chi=100.0_J=1.0_h=1.0
_i=1.0_3=0.856_c=0.0.png  used on input line 26.
(pdftex.def)             Requested size: 262.91328pt x 239.82729pt.
<../graphs/entropies/ff/other_chi=100.0_J=1.0_h=1.0_i=1.0_3=0.856_c=0.0.png, id
=255, 398.35223pt x 363.37357pt>
File: ../graphs/entropies/ff/other_chi=100.0_J=1.0_h=1.0_i=1.0_3=0.856_c=0.0.pn
g Graphic file (type png)
<use ../graphs/entropies/ff/other_chi=100.0_J=1.0_h=1.0_i=1.0_3=0.856_c=0.0.png
>
Package pdftex.def Info: ../graphs/entropies/ff/other_chi=100.0_J=1.0_h=1.0_i=1
.0_3=0.856_c=0.0.png  used on input line 27.
(pdftex.def)             Requested size: 262.91328pt x 239.82729pt.

LaTeX Warning: `!h' float specifier changed to `!ht'.

<../graphs/phase/ff/chi=100.0_J=1.0_h=1.0_i=1.0_c=0.0.png, id=265, 531.03996pt 
x 332.73108pt>
File: ../graphs/phase/ff/chi=100.0_J=1.0_h=1.0_i=1.0_c=0.0.png Graphic file (ty
pe png)
<use ../graphs/phase/ff/chi=100.0_J=1.0_h=1.0_i=1.0_c=0.0.png>
Package pdftex.def Info: ../graphs/phase/ff/chi=100.0_J=1.0_h=1.0_i=1.0_c=0.0.p
ng  used on input line 37.
(pdftex.def)             Requested size: 350.48746pt x 219.60318pt.

LaTeX Warning: `!h' float specifier changed to `!ht'.

[13 <../graphs/entropies/ff/alone_L=100.0_chi=100.0_J=1.0_h=1.0_i=1.0_3=0.0_c=0
.0.png> <../graphs/entropies/ff/calabrese_chi=100.0_J=1.0_h=1.0_i=1.0_3=0.0_c=0
.0.png>] [14 <../graphs/entropies/ff/calabrese_chi=100.0_J=1.0_h=1.0_i=1.0_3=0.
856_c=0.0.png> <../graphs/entropies/ff/other_chi=100.0_J=1.0_h=1.0_i=1.0_3=0.85
6_c=0.0.png> <../graphs/phase/ff/chi=100.0_J=1.0_h=1.0_i=1.0_c=0.0.png>]
<../graphs/edge/L=30.0_chi=50.0_J=1.0_h=1.0_i=1.0_3=0.856_c=0.0.png, id=292, 58
3.36343pt x 329.84029pt>
File: ../graphs/edge/L=30.0_chi=50.0_J=1.0_h=1.0_i=1.0_3=0.856_c=0.0.png Graphi
c file (type png)
<use ../graphs/edge/L=30.0_chi=50.0_J=1.0_h=1.0_i=1.0_3=0.856_c=0.0.png>
Package pdftex.def Info: ../graphs/edge/L=30.0_chi=50.0_J=1.0_h=1.0_i=1.0_3=0.8
56_c=0.0.png  used on input line 49.
(pdftex.def)             Requested size: 385.02104pt x 217.69525pt.
<../graphs/spin/--/100/L=30_chi=30.0_J=1.0_i=1.0_3=0.0_c=0.0.png, id=298, 396.3
2867pt x 328.39488pt>
File: ../graphs/spin/--/100/L=30_chi=30.0_J=1.0_i=1.0_3=0.0_c=0.0.png Graphic f
ile (type png)
<use ../graphs/spin/--/100/L=30_chi=30.0_J=1.0_i=1.0_3=0.0_c=0.0.png>
Package pdftex.def Info: ../graphs/spin/--/100/L=30_chi=30.0_J=1.0_i=1.0_3=0.0_
c=0.0.png  used on input line 58.
(pdftex.def)             Requested size: 261.57773pt x 216.74129pt.
<../graphs/spin/++/100/L=30_chi=30.0_J=1.0_i=1.0_3=0.0_c=0.0.png, id=299, 414.2
5163pt x 329.26212pt>
File: ../graphs/spin/++/100/L=30_chi=30.0_J=1.0_i=1.0_3=0.0_c=0.0.png Graphic f
ile (type png)
<use ../graphs/spin/++/100/L=30_chi=30.0_J=1.0_i=1.0_3=0.0_c=0.0.png>
Package pdftex.def Info: ../graphs/spin/++/100/L=30_chi=30.0_J=1.0_i=1.0_3=0.0_
c=0.0.png  used on input line 59.
(pdftex.def)             Requested size: 273.4069pt x 217.31364pt.

Overfull \hbox (7.25938pt too wide) in paragraph at lines 57--60
[]  [][] [][] 
 []

[15 <../graphs/edge/L=30.0_chi=50.0_J=1.0_h=1.0_i=1.0_3=0.856_c=0.0.png> <../gr
aphs/spin/--/100/L=30_chi=30.0_J=1.0_i=1.0_3=0.0_c=0.0.png> <../graphs/spin/++/
100/L=30_chi=30.0_J=1.0_i=1.0_3=0.0_c=0.0.png>]
<../graphs/entropies/--/100/calabrese_chi=100.0_J=1.0_h=1.0_i=1.0_3=0.0_c=0.0.p
ng, id=314, 405.00108pt x 363.37357pt>
File: ../graphs/entropies/--/100/calabrese_chi=100.0_J=1.0_h=1.0_i=1.0_3=0.0_c=
0.0.png Graphic file (type png)
<use ../graphs/entropies/--/100/calabrese_chi=100.0_J=1.0_h=1.0_i=1.0_3=0.0_c=0
.0.png>
Package pdftex.def Info: ../graphs/entropies/--/100/calabrese_chi=100.0_J=1.0_h
=1.0_i=1.0_3=0.0_c=0.0.png  used on input line 68.
(pdftex.def)             Requested size: 267.30153pt x 239.82729pt.
<../graphs/entropies/--/100/calabrese_chi=100.0_J=1.0_h=1.0_i=1.0_3=0.856_c=0.0
.png, id=315, 398.35223pt x 363.37357pt>
File: ../graphs/entropies/--/100/calabrese_chi=100.0_J=1.0_h=1.0_i=1.0_3=0.856_
c=0.0.png Graphic file (type png)
<use ../graphs/entropies/--/100/calabrese_chi=100.0_J=1.0_h=1.0_i=1.0_3=0.856_c
=0.0.png>
Package pdftex.def Info: ../graphs/entropies/--/100/calabrese_chi=100.0_J=1.0_h
=1.0_i=1.0_3=0.856_c=0.0.png  used on input line 69.
(pdftex.def)             Requested size: 262.91328pt x 239.82729pt.

Overfull \hbox (2.48956pt too wide) in paragraph at lines 67--70
[]  [][] [][] 
 []

<../graphs/conformal/ff/energies_L=70.0_chi=50.0_J=0.25_h=0.25_i=0.5_3=0.0_c=0.
0.png, id=320, 478.13832pt x 330.12936pt>
File: ../graphs/conformal/ff/energies_L=70.0_chi=50.0_J=0.25_h=0.25_i=0.5_3=0.0
_c=0.0.png Graphic file (type png)
<use ../graphs/conformal/ff/energies_L=70.0_chi=50.0_J=0.25_h=0.25_i=0.5_3=0.0_
c=0.0.png>
Package pdftex.def Info: ../graphs/conformal/ff/energies_L=70.0_chi=50.0_J=0.25
_h=0.25_i=0.5_3=0.0_c=0.0.png  used on input line 78.
(pdftex.def)             Requested size: 315.57227pt x 217.88605pt.

LaTeX Warning: `!h' float specifier changed to `!ht'.

<../graphs/transition/ff/gap_L=50_chi=50.0_J=1.0_i=0.5_3=0.0_c=0.0.png, id=323,
 391.41432pt x 328.39488pt>
File: ../graphs/transition/ff/gap_L=50_chi=50.0_J=1.0_i=0.5_3=0.0_c=0.0.png Gra
phic file (type png)
<use ../graphs/transition/ff/gap_L=50_chi=50.0_J=1.0_i=0.5_3=0.0_c=0.0.png>
Package pdftex.def Info: ../graphs/transition/ff/gap_L=50_chi=50.0_J=1.0_i=0.5_
3=0.0_c=0.0.png  used on input line 87.
(pdftex.def)             Requested size: 258.33424pt x 216.74129pt.
<../graphs/gaps/ff/gap_chi=200.0_J=1.0_h=1.0_i=1.0_3=0.0_c=0.0.png, id=324, 408
.75912pt x 363.37357pt>
File: ../graphs/gaps/ff/gap_chi=200.0_J=1.0_h=1.0_i=1.0_3=0.0_c=0.0.png Graphic
 file (type png)
<use ../graphs/gaps/ff/gap_chi=200.0_J=1.0_h=1.0_i=1.0_3=0.0_c=0.0.png>
Package pdftex.def Info: ../graphs/gaps/ff/gap_chi=200.0_J=1.0_h=1.0_i=1.0_3=0.
0_c=0.0.png  used on input line 88.
(pdftex.def)             Requested size: 269.78186pt x 239.82729pt.

LaTeX Warning: `!h' float specifier changed to `!ht'.

[16 <../graphs/entropies/--/100/calabrese_chi=100.0_J=1.0_h=1.0_i=1.0_3=0.0_c=0
.0.png> <../graphs/entropies/--/100/calabrese_chi=100.0_J=1.0_h=1.0_i=1.0_3=0.8
56_c=0.0.png>]

LaTeX Warning: `!h' float specifier changed to `!ht'.

[17 <../graphs/conformal/ff/energies_L=70.0_chi=50.0_J=0.25_h=0.25_i=0.5_3=0.0_
c=0.0.png> <../graphs/transition/ff/gap_L=50_chi=50.0_J=1.0_i=0.5_3=0.0_c=0.0.p
ng> <../graphs/gaps/ff/gap_chi=200.0_J=1.0_h=1.0_i=1.0_3=0.0_c=0.0.png>]
<../graphs/conformal/ff/gs_chi=50.0_J=0.25_h=0.25_i=0.5_3=0.0_c=0.0.png, id=363
, 406.73557pt x 345.4506pt>
File: ../graphs/conformal/ff/gs_chi=50.0_J=0.25_h=0.25_i=0.5_3=0.0_c=0.0.png Gr
aphic file (type png)
<use ../graphs/conformal/ff/gs_chi=50.0_J=0.25_h=0.25_i=0.5_3=0.0_c=0.0.png>
Package pdftex.def Info: ../graphs/conformal/ff/gs_chi=50.0_J=0.25_h=0.25_i=0.5
_3=0.0_c=0.0.png  used on input line 117.
(pdftex.def)             Requested size: 268.44629pt x 227.9981pt.
<../graphs/conformal/100/--/gs_chi=50.0_J=0.25_h=0.25_i=0.5_3=0.0_c=0.0.png, id
=364, 406.73557pt x 345.4506pt>
File: ../graphs/conformal/100/--/gs_chi=50.0_J=0.25_h=0.25_i=0.5_3=0.0_c=0.0.pn
g Graphic file (type png)
<use ../graphs/conformal/100/--/gs_chi=50.0_J=0.25_h=0.25_i=0.5_3=0.0_c=0.0.png
>
Package pdftex.def Info: ../graphs/conformal/100/--/gs_chi=50.0_J=0.25_h=0.25_i
=0.5_3=0.0_c=0.0.png  used on input line 118.
(pdftex.def)             Requested size: 268.44629pt x 227.9981pt.

Overfull \hbox (9.59825pt too wide) in paragraph at lines 117--119
[][] [][] 
 []

<../graphs/conformal/100/+-/gs_chi=50.0_J=0.25_h=0.25_i=0.5_3=0.0_c=0.0.png, id
=365, 416.56429pt x 337.06728pt>
File: ../graphs/conformal/100/+-/gs_chi=50.0_J=0.25_h=0.25_i=0.5_3=0.0_c=0.0.pn
g Graphic file (type png)
<use ../graphs/conformal/100/+-/gs_chi=50.0_J=0.25_h=0.25_i=0.5_3=0.0_c=0.0.png
>
Package pdftex.def Info: ../graphs/conformal/100/+-/gs_chi=50.0_J=0.25_h=0.25_i
=0.5_3=0.0_c=0.0.png  used on input line 123.
(pdftex.def)             Requested size: 274.93327pt x 222.46507pt.
<../graphs/conformal/100/f+/gs_chi=50.0_J=0.25_h=0.25_i=0.5_3=0.0_c=0.0.png, id
=366, 385.34364pt x 345.4506pt>
File: ../graphs/conformal/100/f+/gs_chi=50.0_J=0.25_h=0.25_i=0.5_3=0.0_c=0.0.pn
g Graphic file (type png)
<use ../graphs/conformal/100/f+/gs_chi=50.0_J=0.25_h=0.25_i=0.5_3=0.0_c=0.0.png
>
Package pdftex.def Info: ../graphs/conformal/100/f+/gs_chi=50.0_J=0.25_h=0.25_i
=0.5_3=0.0_c=0.0.png  used on input line 124.
(pdftex.def)             Requested size: 254.32759pt x 227.9981pt.

Overfull \hbox (1.96654pt too wide) in paragraph at lines 123--125
[][] [][] 
 []


LaTeX Warning: `!h' float specifier changed to `!ht'.

<../graphs/conformal/ff/towers_chi=50.0_J=0.25_h=0.25_i=0.5_3=0.0_c=0.0.png, id
=379, 396.0396pt x 332.73108pt>
File: ../graphs/conformal/ff/towers_chi=50.0_J=0.25_h=0.25_i=0.5_3=0.0_c=0.0.pn
g Graphic file (type png)
<use ../graphs/conformal/ff/towers_chi=50.0_J=0.25_h=0.25_i=0.5_3=0.0_c=0.0.png
>
Package pdftex.def Info: ../graphs/conformal/ff/towers_chi=50.0_J=0.25_h=0.25_i
=0.5_3=0.0_c=0.0.png  used on input line 137.
(pdftex.def)             Requested size: 261.38693pt x 219.60318pt.
<../graphs/conformal/100/--/towers_chi=50.0_J=0.25_h=0.25_i=0.5_3=0.0_c=0.0.png
, id=380, 385.34364pt x 332.73108pt>
File: ../graphs/conformal/100/--/towers_chi=50.0_J=0.25_h=0.25_i=0.5_3=0.0_c=0.
0.png Graphic file (type png)
<use ../graphs/conformal/100/--/towers_chi=50.0_J=0.25_h=0.25_i=0.5_3=0.0_c=0.0
.png>
Package pdftex.def Info: ../graphs/conformal/100/--/towers_chi=50.0_J=0.25_h=0.
25_i=0.5_3=0.0_c=0.0.png  used on input line 138.
(pdftex.def)             Requested size: 254.32759pt x 219.60318pt.
<../graphs/conformal/100/+-/towers_chi=50.0_J=0.25_h=0.25_i=0.5_3=0.0_c=0.0.png
, id=381, 385.34364pt x 332.73108pt>
File: ../graphs/conformal/100/+-/towers_chi=50.0_J=0.25_h=0.25_i=0.5_3=0.0_c=0.
0.png Graphic file (type png)
<use ../graphs/conformal/100/+-/towers_chi=50.0_J=0.25_h=0.25_i=0.5_3=0.0_c=0.0
.png>
Package pdftex.def Info: ../graphs/conformal/100/+-/towers_chi=50.0_J=0.25_h=0.
25_i=0.5_3=0.0_c=0.0.png  used on input line 143.
(pdftex.def)             Requested size: 254.32759pt x 219.60318pt.
<../graphs/conformal/100/f+/towers_chi=50.0_J=0.25_h=0.25_i=0.5_3=0.0_c=0.0.png
, id=382, 385.34364pt x 332.73108pt>
File: ../graphs/conformal/100/f+/towers_chi=50.0_J=0.25_h=0.25_i=0.5_3=0.0_c=0.
0.png Graphic file (type png)
<use ../graphs/conformal/100/f+/towers_chi=50.0_J=0.25_h=0.25_i=0.5_3=0.0_c=0.0
.png>
Package pdftex.def Info: ../graphs/conformal/100/f+/towers_chi=50.0_J=0.25_h=0.
25_i=0.5_3=0.0_c=0.0.png  used on input line 144.
(pdftex.def)             Requested size: 254.32759pt x 219.60318pt.

LaTeX Warning: `!h' float specifier changed to `!ht'.

<../graphs/entropies/pbc/10-9/calabrese_J=1.0_h=1.0_i=1.0_3=0.0_c=0.0.png, id=3
87, 382.45284pt x 380.1402pt>
File: ../graphs/entropies/pbc/10-9/calabrese_J=1.0_h=1.0_i=1.0_3=0.0_c=0.0.png 
Graphic file (type png)
<use ../graphs/entropies/pbc/10-9/calabrese_J=1.0_h=1.0_i=1.0_3=0.0_c=0.0.png>
Package pdftex.def Info: ../graphs/entropies/pbc/10-9/calabrese_J=1.0_h=1.0_i=1
.0_3=0.0_c=0.0.png  used on input line 154.
(pdftex.def)             Requested size: 252.41965pt x 250.8933pt.
<../graphs/entropies/pbc/10-4/calabrese_J=1.0_h=1.0_i=1.0_3=0.856_c=0.0.png, id
=388, 411.939pt x 363.37357pt>
File: ../graphs/entropies/pbc/10-4/calabrese_J=1.0_h=1.0_i=1.0_3=0.856_c=0.0.pn
g Graphic file (type png)
<use ../graphs/entropies/pbc/10-4/calabrese_J=1.0_h=1.0_i=1.0_3=0.856_c=0.0.png
>
Package pdftex.def Info: ../graphs/entropies/pbc/10-4/calabrese_J=1.0_h=1.0_i=1
.0_3=0.856_c=0.0.png  used on input line 155.
(pdftex.def)             Requested size: 271.88057pt x 239.82729pt.

LaTeX Warning: `!h' float specifier changed to `!ht'.

<../graphs/phase/pbc/J=1.0_h=1.0_i=1.0_c=0.0.png, id=391, 537.97787pt x 332.731
08pt>
File: ../graphs/phase/pbc/J=1.0_h=1.0_i=1.0_c=0.0.png Graphic file (type png)
<use ../graphs/phase/pbc/J=1.0_h=1.0_i=1.0_c=0.0.png>
Package pdftex.def Info: ../graphs/phase/pbc/J=1.0_h=1.0_i=1.0_c=0.0.png  used 
on input line 164.
(pdftex.def)             Requested size: 355.0665pt x 219.60318pt.

LaTeX Warning: `!h' float specifier changed to `!ht'.

<../graphs/through/pbc/L=30.0_chi=100.0_J=1.0_h=1.0_i=1.0_c=0.0.png, id=393, 39
1.41432pt x 328.39488pt>
File: ../graphs/through/pbc/L=30.0_chi=100.0_J=1.0_h=1.0_i=1.0_c=0.0.png Graphi
c file (type png)
<use ../graphs/through/pbc/L=30.0_chi=100.0_J=1.0_h=1.0_i=1.0_c=0.0.png>
Package pdftex.def Info: ../graphs/through/pbc/L=30.0_chi=100.0_J=1.0_h=1.0_i=1
.0_c=0.0.png  used on input line 173.
(pdftex.def)             Requested size: 258.33424pt x 216.74129pt.

LaTeX Warning: `!h' float specifier changed to `!ht'.

[18] [19 <../graphs/conformal/ff/gs_chi=50.0_J=0.25_h=0.25_i=0.5_3=0.0_c=0.0.pn
g> <../graphs/conformal/100/--/gs_chi=50.0_J=0.25_h=0.25_i=0.5_3=0.0_c=0.0.png>
 <../graphs/conformal/100/+-/gs_chi=50.0_J=0.25_h=0.25_i=0.5_3=0.0_c=0.0.png> <
../graphs/conformal/100/f+/gs_chi=50.0_J=0.25_h=0.25_i=0.5_3=0.0_c=0.0.png>]

LaTeX Warning: `!h' float specifier changed to `!ht'.

<../graphs/ratios/J=1.0_h=1.0_i=1.0_c=0.0.png, id=429, 706.8006pt x 400.08672pt
>
File: ../graphs/ratios/J=1.0_h=1.0_i=1.0_c=0.0.png Graphic file (type png)
<use ../graphs/ratios/J=1.0_h=1.0_i=1.0_c=0.0.png>
Package pdftex.def Info: ../graphs/ratios/J=1.0_h=1.0_i=1.0_c=0.0.png  used on 
input line 197.
(pdftex.def)             Requested size: 466.48982pt x 264.05803pt.

LaTeX Warning: `!h' float specifier changed to `!ht'.

[20 <../graphs/conformal/ff/towers_chi=50.0_J=0.25_h=0.25_i=0.5_3=0.0_c=0.0.png
> <../graphs/conformal/100/--/towers_chi=50.0_J=0.25_h=0.25_i=0.5_3=0.0_c=0.0.p
ng> <../graphs/conformal/100/+-/towers_chi=50.0_J=0.25_h=0.25_i=0.5_3=0.0_c=0.0
.png> <../graphs/conformal/100/f+/towers_chi=50.0_J=0.25_h=0.25_i=0.5_3=0.0_c=0
.0.png>]

LaTeX Warning: Text page 21 contains only floats.

[21 <../graphs/entropies/pbc/10-9/calabrese_J=1.0_h=1.0_i=1.0_3=0.0_c=0.0.png> 
<../graphs/entropies/pbc/10-4/calabrese_J=1.0_h=1.0_i=1.0_3=0.856_c=0.0.png> <.
./graphs/phase/pbc/J=1.0_h=1.0_i=1.0_c=0.0.png>] [22 <../graphs/through/pbc/L=3
0.0_chi=100.0_J=1.0_h=1.0_i=1.0_c=0.0.png> <../graphs/ratios/J=1.0_h=1.0_i=1.0_
c=0.0.png>]
<../graphs/degeneracy/J=1.0_h=1.0_i=1.0_c=0.0.png, id=464, 706.8006pt x 400.086
72pt>
File: ../graphs/degeneracy/J=1.0_h=1.0_i=1.0_c=0.0.png Graphic file (type png)
<use ../graphs/degeneracy/J=1.0_h=1.0_i=1.0_c=0.0.png>
Package pdftex.def Info: ../graphs/degeneracy/J=1.0_h=1.0_i=1.0_c=0.0.png  used
 on input line 206.
(pdftex.def)             Requested size: 466.48982pt x 264.05803pt.
) (./chapters/conclusion.tex) [23 <../graphs/degeneracy/J=1.0_h=1.0_i=1.0_c=0.0
.png>] [24

] 
AED: lastpage setting LastPage
[25] (./main.aux)
Package logreq Info: Writing requests to 'main.run.xml'.
\openout1 = `main.run.xml'.

 ) 
Here is how much of TeX's memory you used:
 31924 strings out of 478238
 613007 string characters out of 5850456
 1317330 words of memory out of 5000000
 49500 multiletter control sequences out of 15000+600000
 572574 words of font info for 69 fonts, out of 8000000 for 9000
 1141 hyphenation exceptions out of 8191
 79i,19n,82p,1493b,1991s stack positions out of 5000i,500n,10000p,200000b,80000s
{/usr/share/texmf-dist/fonts/enc/dvips/newtx/ntx-ec-tlf.enc}{/usr/share/texmf
-dist/fonts/enc/dvips/newpx/zpl_TOsF.enc}{/usr/share/texmf-dist/fonts/enc/dvips
/lato/a_cl4kdn.enc}</usr/share/texmf-dist/fonts/type1/typoland/lato/Lato-Bold.p
fb></usr/share/texmf-dist/fonts/type1/public/bbold-type1/bbold10.pfb></usr/shar
e/texmf-dist/fonts/type1/public/amsfonts/cm/cmex10.pfb></usr/share/texmf-dist/f
onts/type1/public/amsfonts/cmextra/cmex8.pfb></usr/share/texmf-dist/fonts/type1
/public/amsfonts/cm/cmmi10.pfb></usr/share/texmf-dist/fonts/type1/public/amsfon
ts/cm/cmmi6.pfb></usr/share/texmf-dist/fonts/type1/public/amsfonts/cm/cmmi8.pfb
></usr/share/texmf-dist/fonts/type1/public/amsfonts/cm/cmr10.pfb></usr/share/te
xmf-dist/fonts/type1/public/amsfonts/cm/cmr6.pfb></usr/share/texmf-dist/fonts/t
ype1/public/amsfonts/cm/cmr8.pfb></usr/share/texmf-dist/fonts/type1/public/amsf
onts/cm/cmsy10.pfb></usr/share/texmf-dist/fonts/type1/public/amsfonts/cm/cmsy6.
pfb></usr/share/texmf-dist/fonts/type1/public/amsfonts/cm/cmsy8.pfb></usr/share
/texmf-dist/fonts/type1/public/txfonts/t1xtt.pfb></usr/share/texmf-dist/fonts/t
ype1/public/newpx/zplr.pfb></usr/share/texmf-dist/fonts/type1/public/newpx/zplr
i.pfb>
Output written on main.pdf (25 pages, 2459251 bytes).
PDF statistics:
 632 PDF objects out of 1000 (max. 8388607)
 488 compressed objects within 5 object streams
 175 named destinations out of 1000 (max. 500000)
 141 words of extra memory for PDF output out of 10000 (max. 10000000)

